TN:
SF:/Users/ison/PC/Node/my-ng/App/src/polyfills.ts
FNF:0
FNH:0
LF:0
LH:0
BRF:0
BRH:0
end_of_record
TN:
SF:/Users/ison/PC/Node/my-ng/App/src/test.ts
FNF:0
FNH:0
DA:13,1
DA:18,1
DA:20,1
LF:3
LH:3
BRF:0
BRH:0
end_of_record
TN:
SF:/Users/ison/PC/Node/my-ng/App/src/app/app.component.ts
FN:15,(anonymous_0)
FN:19,(anonymous_1)
FNF:2
FNH:0
FNDA:0,(anonymous_0)
FNDA:0,(anonymous_1)
DA:10,1
DA:11,0
LF:2
LH:1
BRF:0
BRH:0
end_of_record
TN:
SF:/Users/ison/PC/Node/my-ng/App/src/app/app.config.ts
FNF:0
FNH:0
DA:6,1
DA:8,1
LF:2
LH:2
BRF:0
BRH:0
end_of_record
TN:
SF:/Users/ison/PC/Node/my-ng/App/src/app/hero.service.ts
FN:22,(anonymous_0)
FN:27,(anonymous_1)
FN:38,(anonymous_2)
FN:43,(anonymous_3)
FN:50,(anonymous_4)
FN:55,(anonymous_5)
FN:59,(anonymous_6)
FN:60,(anonymous_7)
FN:74,(anonymous_8)
FN:77,(anonymous_9)
FN:84,(anonymous_10)
FN:87,(anonymous_11)
FN:93,(anonymous_12)
FN:99,(anonymous_13)
FN:105,(anonymous_14)
FN:111,(anonymous_15)
FNF:16
FNH:0
FNDA:0,(anonymous_0)
FNDA:0,(anonymous_1)
FNDA:0,(anonymous_2)
FNDA:0,(anonymous_3)
FNDA:0,(anonymous_4)
FNDA:0,(anonymous_5)
FNDA:0,(anonymous_6)
FNDA:0,(anonymous_7)
FNDA:0,(anonymous_8)
FNDA:0,(anonymous_9)
FNDA:0,(anonymous_10)
FNDA:0,(anonymous_11)
FNDA:0,(anonymous_12)
FNDA:0,(anonymous_13)
FNDA:0,(anonymous_14)
FNDA:0,(anonymous_15)
DA:15,1
DA:17,0
DA:18,0
DA:23,0
DA:24,0
DA:36,0
DA:38,0
DA:47,0
DA:48,0
DA:50,0
DA:56,0
DA:60,0
DA:63,0
DA:66,0
DA:69,0
DA:75,0
DA:77,0
DA:85,0
DA:87,0
DA:94,0
DA:95,0
DA:97,0
DA:99,0
DA:106,0
DA:108,0
DA:110,0
DA:111,0
LF:27
LH:1
BRDA:59,0,0,0
BRDA:94,1,0,0
BRDA:94,1,1,0
BRDA:106,2,0,0
BRDA:106,2,1,0
BRDA:112,3,0,0
BRDA:112,3,1,0
BRF:7
BRH:0
end_of_record
TN:
SF:/Users/ison/PC/Node/my-ng/App/src/app/hero.ts
FN:18,(anonymous_0)
FNF:1
FNH:0
FNDA:0,(anonymous_0)
DA:8,1
DA:19,0
DA:20,0
DA:21,0
DA:22,0
LF:5
LH:1
BRF:0
BRH:0
end_of_record
TN:
SF:/Users/ison/PC/Node/my-ng/App/src/app/in-memory-data.service.ts
FN:9,(anonymous_0)
FN:31,(anonymous_1)
FN:32,(anonymous_2)
FNF:3
FNH:0
FNDA:0,(anonymous_0)
FNDA:0,(anonymous_1)
FNDA:0,(anonymous_2)
DA:8,1
DA:10,0
DA:23,0
DA:32,0
LF:4
LH:1
BRDA:32,0,0,0
BRDA:32,0,1,0
BRF:2
BRH:0
end_of_record
TN:
SF:/Users/ison/PC/Node/my-ng/App/src/app/message.service.ts
FN:3,(anonymous_0)
FN:9,(anonymous_1)
FN:13,(anonymous_2)
FNF:3
FNH:0
FNDA:0,(anonymous_0)
FNDA:0,(anonymous_1)
FNDA:0,(anonymous_2)
DA:6,1
DA:7,0
DA:10,0
DA:14,0
LF:4
LH:1
BRF:0
BRH:0
end_of_record
TN:
SF:/Users/ison/PC/Node/my-ng/App/src/app/dashboard/dashboard.component.ts
FN:14,(anonymous_0)
FN:16,(anonymous_1)
FN:20,(anonymous_2)
FN:22,(anonymous_3)
FNF:4
FNH:0
FNDA:0,(anonymous_0)
FNDA:0,(anonymous_1)
FNDA:0,(anonymous_2)
FNDA:0,(anonymous_3)
DA:10,1
DA:12,0
DA:14,0
DA:17,0
DA:21,0
DA:22,0
LF:6
LH:1
BRF:0
BRH:0
end_of_record
TN:
SF:/Users/ison/PC/Node/my-ng/App/src/app/dependency-injection/dependency-injection.component.ts
FN:15,(anonymous_0)
FN:21,(anonymous_1)
FN:22,(anonymous_2)
FN:23,(anonymous_3)
FN:25,(anonymous_4)
FN:31,(anonymous_5)
FNF:6
FNH:0
FNDA:0,(anonymous_0)
FNDA:0,(anonymous_1)
FNDA:0,(anonymous_2)
FNDA:0,(anonymous_3)
FNDA:0,(anonymous_4)
FNDA:0,(anonymous_5)
DA:11,1
DA:17,0
DA:18,0
DA:21,0
DA:22,0
DA:23,0
DA:26,0
LF:7
LH:1
BRDA:27,0,0,0
BRDA:27,0,1,0
BRF:2
BRH:0
end_of_record
TN:
SF:/Users/ison/PC/Node/my-ng/App/src/app/dependency-injection/user.service.ts
FN:4,(anonymous_0)
FN:13,(anonymous_1)
FN:20,(anonymous_2)
FNF:3
FNH:1
FNDA:2,(anonymous_0)
FNDA:0,(anonymous_1)
FNDA:0,(anonymous_2)
DA:5,2
DA:6,2
DA:10,1
DA:11,1
DA:16,1
DA:17,0
DA:21,0
LF:7
LH:5
BRDA:6,0,0,0
BRDA:21,1,0,0
BRDA:21,1,1,0
BRF:3
BRH:0
end_of_record
TN:
SF:/Users/ison/PC/Node/my-ng/App/src/app/di-in-action/di-in-action.component.ts
FN:16,(anonymous_0)
FN:22,(anonymous_1)
FNF:2
FNH:0
FNDA:0,(anonymous_0)
FNDA:0,(anonymous_1)
DA:12,1
DA:14,0
DA:16,0
DA:17,0
DA:18,0
LF:5
LH:1
BRF:0
BRH:0
end_of_record
TN:
SF:/Users/ison/PC/Node/my-ng/App/src/app/di-in-action/logger.service.ts
FN:3,(anonymous_0)
FN:9,(anonymous_1)
FN:10,(anonymous_2)
FN:11,(anonymous_3)
FN:13,(anonymous_4)
FNF:5
FNH:0
FNDA:0,(anonymous_0)
FNDA:0,(anonymous_1)
FNDA:0,(anonymous_2)
FNDA:0,(anonymous_3)
FNDA:0,(anonymous_4)
DA:6,1
DA:7,0
DA:9,0
DA:10,0
DA:11,0
DA:14,0
DA:15,0
LF:7
LH:1
BRDA:13,0,0,0
BRDA:15,1,0,0
BRDA:15,1,1,0
BRF:3
BRH:0
end_of_record
TN:
SF:/Users/ison/PC/Node/my-ng/App/src/app/di-in-action/user-context.service.ts
FN:14,(anonymous_0)
FN:18,(anonymous_1)
FNF:2
FNH:0
FNDA:0,(anonymous_0)
FNDA:0,(anonymous_1)
DA:9,1
DA:14,0
DA:15,0
DA:19,0
DA:20,0
DA:21,0
DA:23,0
LF:7
LH:1
BRF:0
BRH:0
end_of_record
TN:
SF:/Users/ison/PC/Node/my-ng/App/src/app/di-in-action/user.service.ts
FN:8,(anonymous_0)
FNF:1
FNH:0
FNDA:0,(anonymous_0)
DA:6,1
DA:9,0
LF:2
LH:1
BRF:0
BRH:0
end_of_record
TN:
SF:/Users/ison/PC/Node/my-ng/App/src/app/directives/attribute-directives/attribute-directives.component.ts
FN:10,(anonymous_0)
FN:12,(anonymous_1)
FNF:2
FNH:0
FNDA:0,(anonymous_0)
FNDA:0,(anonymous_1)
DA:8,1
LF:1
LH:1
BRF:0
BRH:0
end_of_record
TN:
SF:/Users/ison/PC/Node/my-ng/App/src/app/directives/structural-directives/structural-directives.component.ts
FN:20,(anonymous_0)
FN:17,(anonymous_1)
FN:22,(anonymous_2)
FNF:3
FNH:0
FNDA:0,(anonymous_0)
FNDA:0,(anonymous_1)
FNDA:0,(anonymous_2)
DA:9,1
DA:11,0
DA:12,0
DA:13,0
DA:14,0
DA:15,0
DA:16,0
DA:17,0
LF:8
LH:1
BRF:0
BRH:0
end_of_record
TN:
SF:/Users/ison/PC/Node/my-ng/App/src/app/dynamic-component/ad-item.ts
FN:4,(anonymous_0)
FNF:1
FNH:0
FNDA:0,(anonymous_0)
DA:4,0
LF:1
LH:0
BRF:0
BRH:0
end_of_record
TN:
SF:/Users/ison/PC/Node/my-ng/App/src/app/dynamic-component/ad.service.ts
FN:9,(anonymous_0)
FNF:1
FNH:0
FNDA:0,(anonymous_0)
DA:8,1
DA:10,0
LF:2
LH:1
BRF:0
BRH:0
end_of_record
TN:
SF:/Users/ison/PC/Node/my-ng/App/src/app/dynamic-component/dynamic-component.component.ts
FN:15,(anonymous_0)
FN:21,(anonymous_1)
FNF:2
FNH:0
FNDA:0,(anonymous_0)
FNDA:0,(anonymous_1)
DA:11,1
DA:16,0
DA:22,0
LF:3
LH:1
BRF:0
BRH:0
end_of_record
TN:
SF:/Users/ison/PC/Node/my-ng/App/src/app/dynamic-component/hero-job-ad.component.ts
FNF:0
FNH:0
DA:14,1
DA:15,1
LF:2
LH:2
BRF:0
BRH:0
end_of_record
TN:
SF:/Users/ison/PC/Node/my-ng/App/src/app/dynamic-component/hero-profile.component.ts
FNF:0
FNH:0
DA:17,1
DA:18,1
LF:2
LH:2
BRF:0
BRH:0
end_of_record
TN:
SF:/Users/ison/PC/Node/my-ng/App/src/app/forms/dynamic/forms-dynamic.component.ts
FN:16,(anonymous_0)
FN:21,(anonymous_1)
FNF:2
FNH:0
FNDA:0,(anonymous_0)
FNDA:0,(anonymous_1)
DA:12,1
DA:17,0
LF:2
LH:1
BRF:0
BRH:0
end_of_record
TN:
SF:/Users/ison/PC/Node/my-ng/App/src/app/forms/dynamic/question-base.ts
FN:11,(anonymous_0)
FNF:1
FNH:0
FNDA:0,(anonymous_0)
DA:20,0
DA:21,0
DA:22,0
DA:23,0
DA:24,0
DA:25,0
DA:26,0
LF:7
LH:0
BRDA:19,0,0,0
BRDA:21,1,0,0
BRDA:21,1,1,0
BRDA:22,2,0,0
BRDA:22,2,1,0
BRDA:24,3,0,0
BRDA:24,3,1,0
BRDA:25,4,0,0
BRDA:25,4,1,0
BRDA:26,5,0,0
BRDA:26,5,1,0
BRF:11
BRH:0
end_of_record
TN:
SF:/Users/ison/PC/Node/my-ng/App/src/app/forms/dynamic/question-dropdown.ts
FN:7,(anonymous_0)
FNF:1
FNH:0
FNDA:0,(anonymous_0)
DA:4,0
DA:5,0
DA:8,0
DA:9,0
LF:4
LH:0
BRDA:7,0,0,0
BRDA:9,1,0,0
BRDA:9,1,1,0
BRF:3
BRH:0
end_of_record
TN:
SF:/Users/ison/PC/Node/my-ng/App/src/app/forms/dynamic/question-textbox.ts
FN:7,(anonymous_0)
FNF:1
FNH:0
FNDA:0,(anonymous_0)
DA:4,0
DA:8,0
DA:9,0
LF:3
LH:0
BRDA:7,0,0,0
BRDA:9,1,0,0
BRDA:9,1,1,0
BRF:3
BRH:0
end_of_record
TN:
SF:/Users/ison/PC/Node/my-ng/App/src/app/forms/dynamic/question.service.ts
FN:12,(anonymous_0)
FN:44,(anonymous_1)
FNF:2
FNH:0
FNDA:0,(anonymous_0)
FNDA:0,(anonymous_1)
DA:9,1
DA:14,0
DA:44,0
LF:3
LH:1
BRF:0
BRH:0
end_of_record
TN:
SF:/Users/ison/PC/Node/my-ng/App/src/app/forms/reactive/reactive-forms.component.ts
FN:24,(anonymous_0)
FN:13,(anonymous_1)
FN:16,(anonymous_2)
FN:19,(anonymous_3)
FN:26,(anonymous_4)
FNF:5
FNH:0
FNDA:0,(anonymous_0)
FNDA:0,(anonymous_1)
FNDA:0,(anonymous_2)
FNDA:0,(anonymous_3)
FNDA:0,(anonymous_4)
DA:9,1
DA:12,0
DA:14,0
DA:17,0
DA:20,0
LF:5
LH:1
BRF:0
BRH:0
end_of_record
TN:
SF:/Users/ison/PC/Node/my-ng/App/src/app/hero-detail/hero-detail.component.ts
FN:19,(anonymous_0)
FN:25,(anonymous_1)
FN:29,(anonymous_2)
FN:32,(anonymous_3)
FN:35,(anonymous_4)
FN:39,(anonymous_5)
FN:41,(anonymous_6)
FNF:7
FNH:0
FNDA:0,(anonymous_0)
FNDA:0,(anonymous_1)
FNDA:0,(anonymous_2)
FNDA:0,(anonymous_3)
FNDA:0,(anonymous_4)
FNDA:0,(anonymous_5)
FNDA:0,(anonymous_6)
DA:14,1
DA:20,0
DA:21,0
DA:22,0
DA:26,0
DA:30,0
DA:31,0
DA:32,0
DA:36,0
DA:40,0
DA:41,0
LF:11
LH:1
BRF:0
BRH:0
end_of_record
TN:
SF:/Users/ison/PC/Node/my-ng/App/src/app/hero-search/hero-search.component.ts
FN:19,(anonymous_0)
FN:22,(anonymous_1)
FN:26,(anonymous_2)
FN:35,(anonymous_3)
FN:40,(anonymous_4)
FNF:5
FNH:0
FNDA:0,(anonymous_0)
FNDA:0,(anonymous_1)
FNDA:0,(anonymous_2)
FNDA:0,(anonymous_3)
FNDA:0,(anonymous_4)
DA:15,1
DA:17,0
DA:19,0
DA:23,0
DA:27,0
DA:35,0
DA:41,0
LF:7
LH:1
BRF:0
BRH:0
end_of_record
TN:
SF:/Users/ison/PC/Node/my-ng/App/src/app/heroes/heroes.component.ts
FN:18,(anonymous_0)
FN:23,(anonymous_1)
FN:34,(anonymous_2)
FN:36,(anonymous_3)
FN:39,(anonymous_4)
FN:43,(anonymous_5)
FN:48,(anonymous_6)
FN:49,(anonymous_7)
FNF:8
FNH:0
FNDA:0,(anonymous_0)
FNDA:0,(anonymous_1)
FNDA:0,(anonymous_2)
FNDA:0,(anonymous_3)
FNDA:0,(anonymous_4)
FNDA:0,(anonymous_5)
FNDA:0,(anonymous_6)
FNDA:0,(anonymous_7)
DA:12,1
DA:19,0
DA:24,0
DA:35,0
DA:36,0
DA:40,0
DA:41,0
DA:42,0
DA:44,0
DA:49,0
DA:50,0
LF:11
LH:1
BRDA:41,0,0,0
BRDA:41,0,1,0
BRF:2
BRH:0
end_of_record
TN:
SF:/Users/ison/PC/Node/my-ng/App/src/app/http/http-error-handler.service.ts
FN:15,(anonymous_0)
FN:18,(anonymous_1)
FN:18,(anonymous_2)
FN:28,(anonymous_3)
FN:30,(anonymous_4)
FNF:5
FNH:0
FNDA:0,(anonymous_0)
FNDA:0,(anonymous_1)
FNDA:0,(anonymous_2)
FNDA:0,(anonymous_3)
FNDA:0,(anonymous_4)
DA:14,1
DA:15,0
DA:18,0
DA:19,0
DA:30,0
DA:32,0
DA:34,0
DA:39,0
DA:42,0
LF:9
LH:1
BRDA:18,0,0,0
BRDA:19,1,0,0
BRDA:19,2,0,0
BRDA:28,3,0,0
BRDA:28,4,0,0
BRDA:28,5,0,0
BRDA:35,6,0,0
BRDA:35,6,1,0
BRF:8
BRH:0
end_of_record
TN:
SF:/Users/ison/PC/Node/my-ng/App/src/app/http/http-message.service.ts
FN:3,(anonymous_0)
FN:7,(anonymous_1)
FN:11,(anonymous_2)
FNF:3
FNH:0
FNDA:0,(anonymous_0)
FNDA:0,(anonymous_1)
FNDA:0,(anonymous_2)
DA:4,1
DA:5,0
DA:8,0
DA:12,0
LF:4
LH:1
BRF:0
BRH:0
end_of_record
TN:
SF:/Users/ison/PC/Node/my-ng/App/src/app/http/http.component.ts
FN:3,(anonymous_0)
FN:16,(anonymous_1)
FN:17,(anonymous_2)
FN:18,(anonymous_3)
FN:19,(anonymous_4)
FN:20,(anonymous_5)
FN:23,(anonymous_6)
FNF:7
FNH:0
FNDA:0,(anonymous_0)
FNDA:0,(anonymous_1)
FNDA:0,(anonymous_2)
FNDA:0,(anonymous_3)
FNDA:0,(anonymous_4)
FNDA:0,(anonymous_5)
FNDA:0,(anonymous_6)
DA:8,1
DA:10,0
DA:11,0
DA:12,0
DA:13,0
DA:14,0
DA:16,0
DA:17,0
DA:18,0
DA:19,0
DA:20,0
LF:11
LH:1
BRF:0
BRH:0
end_of_record
TN:
SF:/Users/ison/PC/Node/my-ng/App/src/app/http/heroes/heroes.service.ts
FN:24,(anonymous_0)
FN:31,(anonymous_1)
FN:39,(anonymous_2)
FN:55,(anonymous_3)
FN:63,(anonymous_4)
FN:72,(anonymous_5)
FNF:6
FNH:0
FNDA:0,(anonymous_0)
FNDA:0,(anonymous_1)
FNDA:0,(anonymous_2)
FNDA:0,(anonymous_3)
FNDA:0,(anonymous_4)
FNDA:0,(anonymous_5)
DA:12,1
DA:20,1
DA:21,0
DA:25,0
DA:27,0
DA:32,0
DA:40,0
DA:43,0
DA:46,0
DA:56,0
DA:64,0
DA:65,0
DA:73,0
DA:76,0
LF:14
LH:2
BRDA:44,0,0,0
BRDA:44,0,1,0
BRF:2
BRH:0
end_of_record
TN:
SF:/Users/ison/PC/Node/my-ng/App/src/app/messages/messages.component.ts
FN:11,(anonymous_0)
FN:13,(anonymous_1)
FNF:2
FNH:0
FNDA:0,(anonymous_0)
FNDA:0,(anonymous_1)
DA:9,1
DA:11,0
LF:2
LH:1
BRF:0
BRH:0
end_of_record
TN:
SF:/Users/ison/PC/Node/my-ng/App/src/app/ng-modules/ng-modules.component.ts
FN:10,(anonymous_0)
FN:12,(anonymous_1)
FNF:2
FNH:0
FNDA:0,(anonymous_0)
FNDA:0,(anonymous_1)
DA:8,1
LF:1
LH:1
BRF:0
BRH:0
end_of_record
TN:
SF:/Users/ison/PC/Node/my-ng/App/src/app/ng-modules/contact/contact.component.ts
FN:24,(anonymous_0)
FN:28,(anonymous_1)
FN:32,(anonymous_2)
FN:33,(anonymous_3)
FN:41,(anonymous_4)
FN:48,(anonymous_5)
FN:54,(anonymous_6)
FN:62,(anonymous_7)
FN:64,(anonymous_8)
FNF:9
FNH:0
FNDA:0,(anonymous_0)
FNDA:0,(anonymous_1)
FNDA:0,(anonymous_2)
FNDA:0,(anonymous_3)
FNDA:0,(anonymous_4)
FNDA:0,(anonymous_5)
FNDA:0,(anonymous_6)
FNDA:0,(anonymous_7)
FNDA:0,(anonymous_8)
DA:13,1
DA:17,0
DA:18,0
DA:20,0
DA:24,0
DA:25,0
DA:29,0
DA:33,0
DA:34,0
DA:35,0
DA:36,0
DA:37,0
DA:42,0
DA:43,0
DA:44,0
DA:45,0
DA:49,0
DA:50,0
DA:51,0
DA:55,0
DA:56,0
DA:57,0
DA:58,0
DA:63,0
DA:64,0
LF:25
LH:1
BRDA:43,0,0,0
BRDA:43,0,1,0
BRF:2
BRH:0
end_of_record
TN:
SF:/Users/ison/PC/Node/my-ng/App/src/app/ng-modules/contact/contact.service.ts
FN:7,(anonymous_0)
FN:22,(anonymous_1)
FN:23,(anonymous_2)
FN:25,(anonymous_3)
FN:29,(anonymous_4)
FN:30,(anonymous_5)
FNF:6
FNH:1
FNDA:3,(anonymous_0)
FNDA:0,(anonymous_1)
FNDA:0,(anonymous_2)
FNDA:0,(anonymous_3)
FNDA:0,(anonymous_4)
FNDA:0,(anonymous_5)
DA:7,3
DA:10,1
DA:16,1
DA:20,1
DA:22,0
DA:23,0
DA:26,0
DA:30,0
DA:31,0
LF:9
LH:4
BRF:0
BRH:0
end_of_record
TN:
SF:/Users/ison/PC/Node/my-ng/App/src/app/ng-modules/greeting/user.service.ts
FN:6,(anonymous_0)
FN:17,(anonymous_1)
FN:21,(anonymous_2)
FNF:3
FNH:0
FNDA:0,(anonymous_0)
FNDA:0,(anonymous_1)
FNDA:0,(anonymous_2)
DA:4,1
DA:7,0
DA:13,1
DA:14,0
DA:15,0
DA:18,0
DA:23,0
DA:24,0
LF:8
LH:2
BRDA:18,0,0,0
BRDA:18,0,1,0
BRDA:23,1,0,0
BRDA:23,1,1,0
BRF:4
BRH:0
end_of_record
TN:
SF:/Users/ison/PC/Node/my-ng/App/src/app/ng-modules/items/items.component.ts
FN:10,(anonymous_0)
FN:12,(anonymous_1)
FNF:2
FNH:0
FNDA:0,(anonymous_0)
FNDA:0,(anonymous_1)
DA:8,1
LF:1
LH:1
BRF:0
BRH:0
end_of_record
TN:
SF:/Users/ison/PC/Node/my-ng/App/src/app/routers/animations.ts
FNF:0
FNH:0
DA:9,1
LF:1
LH:1
BRF:0
BRH:0
end_of_record
TN:
SF:/Users/ison/PC/Node/my-ng/App/src/app/routers/routers.component.ts
FN:17,(anonymous_0)
FN:13,(anonymous_1)
FN:19,(anonymous_2)
FNF:3
FNH:0
FNDA:0,(anonymous_0)
FNDA:0,(anonymous_1)
FNDA:0,(anonymous_2)
DA:11,1
DA:14,0
LF:2
LH:1
BRDA:14,0,0,0
BRDA:14,0,1,0
BRDA:14,0,2,0
BRF:3
BRH:0
end_of_record
TN:
SF:/Users/ison/PC/Node/my-ng/App/src/app/routers/page-not-found/page-not-found.component.ts
FN:10,(anonymous_0)
FN:12,(anonymous_1)
FNF:2
FNH:0
FNDA:0,(anonymous_0)
FNDA:0,(anonymous_1)
DA:8,1
LF:1
LH:1
BRF:0
BRH:0
end_of_record
TN:
SF:/Users/ison/PC/Node/my-ng/App/src/app/testing/demo-service.service.ts
FN:8,(anonymous_0)
FNF:1
FNH:1
FNDA:1,(anonymous_0)
DA:6,1
LF:1
LH:1
BRF:0
BRH:0
end_of_record
